<project>
  <modelVersion>4.0.0</modelVersion>
  <groupId>test</groupId>
  <artifactId>Test</artifactId>
  <build>
    <plugins>
      <plugin>
        <groupId>de.dbo.samples.maven.mojo</groupId>
        <artifactId>00_Timestamp</artifactId>
        <configuration>
          <prefix>+++</prefix>
          <datetimePattern>HH:mm:ss</datetimePattern>
        </configuration>
      </plugin>
    </plugins>
  </build>
</project>